<?xml version="1.0" encoding="UTF-8"?>
<!-- Generated by org.testng.reporters.JUnitXMLReporter -->
<testsuite ignored="0" hostname="Sony" failures="1" tests="3" name="FirefoxTest" time="18.491" errors="0" timestamp="2021-04-07T12:53:43 IST">
  <testcase classname="seleniumPractice.AssertionsExample" name="a_pageload" time="17.534"/>
  <testcase classname="seleniumPractice.AssertionsExample" name="b_softassertEquals" time="0.087">
    <failure type="java.lang.AssertionError" message="The following asserts failed:
	AssertEquals Pass expected [SeleniumEasy] but found [Selenium Easy]">
      <![CDATA[java.lang.AssertionError: The following asserts failed:
AssertEquals Pass expected [SeleniumEasy] but found [Selenium Easy]
at seleniumPractice.AssertionsExample.b_softassertEquals(AssertionsExample.java:52)
at java.base/java.util.ArrayList.forEach(ArrayList.java:1511)
... Removed 29 stack frames]]>
    </failure>
  </testcase> <!-- b_softassertEquals -->
  <testcase classname="seleniumPractice.AssertionsExample" name="c_asssertNotequal" time="0.0">
    <skipped/>
  </testcase> <!-- c_asssertNotequal -->
</testsuite> <!-- FirefoxTest -->
